<?xml version="1.0" encoding="UTF-8"?>
<beans xmlns="http://www.springframework.org/schema/beans"
       xmlns:xsi="http://www.w3.org/2001/XMLSchema-instance"
       xmlns:aop="http://www.springframework.org/schema/aop"
       xmlns:context="http://www.springframework.org/schema/context"
       xmlns:tx="http://www.springframework.org/schema/tx"
       xmlns:p="http://www.springframework.org/schema/p"
       xsi:schemaLocation="http://www.springframework.org/schema/beans
           http://www.springframework.org/schema/beans/spring-beans-3.0.xsd
           http://www.springframework.org/schema/aop
           http://www.springframework.org/schema/aop/spring-aop-3.0.xsd
           http://www.springframework.org/schema/context
           http://www.springframework.org/schema/context/spring-context-3.0.xsd
           http://www.springframework.org/schema/tx
           http://www.springframework.org/schema/tx/spring-tx.xsd">

    <context:component-scan base-package="pl.radek.dvd.service, pl.radek.dvd.logic, pl.radek.dvd.controller" />

    <bean id="sessionFactory" class="org.springframework.orm.hibernate3.annotation.AnnotationSessionFactoryBean">
        <property name="dataSource" ref="dataSource" />
        <property name="annotatedClasses">
            <list>
                <value>pl.radek.dvd.model.Client</value>
            </list>
        </property>
        <property name="hibernateProperties">
            <props>
                <prop key="hibernate.dialect"> org.hibernate.dialect.MySQLDialect</prop>
                <prop key="hibernate.show_sql">true</prop>
                <prop key="hibernate.hbm2ddl.auto">create</prop>
            </props>
        </property>
    </bean>

    <bean id="dataSource" class="org.springframework.jdbc.datasource.DriverManagerDataSource">
        <property name="driverClassName" value="com.mysql.jdbc.Driver"/>
        <property name="url" value="jdbc:mysql://localhost:3306/rentalmovietest"/>
        <property name="username" value="root"/>
        <property name="password" value="root"/>
    </bean>

    <bean id="hibernateTemplate" class="org.springframework.orm.hibernate3.HibernateTemplate">
        <constructor-arg>
            <ref bean="sessionFactory"/>
        </constructor-arg>
    </bean>

    <bean id="jdbcTemplate" class="org.springframework.jdbc.core.JdbcTemplate">
        <constructor-arg>
            <ref bean="dataSource"/>
        </constructor-arg>
    </bean>

    <bean id="transactionManager"
          class="org.springframework.orm.hibernate3.HibernateTransactionManager">
        <property name="dataSource" ref="dataSource" />
        <property name="sessionFactory" ref="sessionFactory" />
    </bean>

    <!--bean id="clientDAO" class="pl.radek.dvd.logic.clients.ClientsMySQLDAO">
        <property name="hibernateTemplate" ref="hibernateTemplate"/>
    </bean-->

    <!--bean id="clientsServiceTest" class="pl.radek.dvd.service.ClientsServiceImplTest
        <property name="clientsMySQLDAO" ref="clientDAO"/>
    </bean-->
</beans>